<?xml version="1.0" encoding="UTF-8"?>
<!-- Generated by org.testng.reporters.JUnitReportReporter -->
<testsuite hostname="Chahal" failures="0" tests="4" name="testLayer.LoginTest" time="55.810" errors="0" timestamp="2023-09-07T10:21:37 MDT" skipped="0">
  <testcase classname="testLayer.LoginTest" name="Title" time="15.001"/>
  <system-out/>
  <testcase classname="testLayer.LoginTest" name="Login" time="13.471"/>
  <system-out/>
  <testcase classname="testLayer.LoginTest" name="Login" time="14.590"/>
  <system-out/>
  <testcase classname="testLayer.LoginTest" name="Login" time="12.748"/>
  <system-out/>
</testsuite> <!-- testLayer.LoginTest -->
